{"D:\\UNIVERSIDAD\\SEMESTRE 6\\ING DE SW\\PROYECTOS\\TDD TOTALIZADOR\\parcel-jest-base\\src\\Totalizador.js": {"path":"D:\\UNIVERSIDAD\\SEMESTRE 6\\ING DE SW\\PROYECTOS\\TDD TOTALIZADOR\\parcel-jest-base\\src\\Totalizador.js","statementMap":{"0":{"start":{"line":2,"column":19},"end":{"line":2,"column":36}},"1":{"start":{"line":3,"column":21},"end":{"line":3,"column":27}},"2":{"start":{"line":4,"column":4},"end":{"line":4,"column":64}},"3":{"start":{"line":4,"column":24},"end":{"line":4,"column":64}},"4":{"start":{"line":5,"column":4},"end":{"line":5,"column":60}},"5":{"start":{"line":5,"column":24},"end":{"line":5,"column":60}},"6":{"start":{"line":6,"column":4},"end":{"line":6,"column":58}},"7":{"start":{"line":6,"column":24},"end":{"line":6,"column":58}},"8":{"start":{"line":7,"column":4},"end":{"line":7,"column":60}},"9":{"start":{"line":7,"column":24},"end":{"line":7,"column":60}},"10":{"start":{"line":8,"column":4},"end":{"line":8,"column":58}},"11":{"start":{"line":8,"column":24},"end":{"line":8,"column":58}},"12":{"start":{"line":9,"column":4},"end":{"line":9,"column":20}}},"fnMap":{"0":{"name":"calcularTotal","decl":{"start":{"line":1,"column":9},"end":{"line":1,"column":22}},"loc":{"start":{"line":1,"column":51},"end":{"line":10,"column":1}},"line":1}},"branchMap":{"0":{"loc":{"start":{"line":1,"column":41},"end":{"line":1,"column":50}},"type":"default-arg","locations":[{"start":{"line":1,"column":48},"end":{"line":1,"column":50}}],"line":1},"1":{"loc":{"start":{"line":4,"column":4},"end":{"line":4,"column":64}},"type":"if","locations":[{"start":{"line":4,"column":4},"end":{"line":4,"column":64}},{"start":{"line":4,"column":4},"end":{"line":4,"column":64}}],"line":4},"2":{"loc":{"start":{"line":5,"column":4},"end":{"line":5,"column":60}},"type":"if","locations":[{"start":{"line":5,"column":4},"end":{"line":5,"column":60}},{"start":{"line":5,"column":4},"end":{"line":5,"column":60}}],"line":5},"3":{"loc":{"start":{"line":6,"column":4},"end":{"line":6,"column":58}},"type":"if","locations":[{"start":{"line":6,"column":4},"end":{"line":6,"column":58}},{"start":{"line":6,"column":4},"end":{"line":6,"column":58}}],"line":6},"4":{"loc":{"start":{"line":7,"column":4},"end":{"line":7,"column":60}},"type":"if","locations":[{"start":{"line":7,"column":4},"end":{"line":7,"column":60}},{"start":{"line":7,"column":4},"end":{"line":7,"column":60}}],"line":7},"5":{"loc":{"start":{"line":8,"column":4},"end":{"line":8,"column":58}},"type":"if","locations":[{"start":{"line":8,"column":4},"end":{"line":8,"column":58}},{"start":{"line":8,"column":4},"end":{"line":8,"column":58}}],"line":8}},"s":{"0":8,"1":8,"2":8,"3":2,"4":6,"5":1,"6":5,"7":1,"8":4,"9":1,"10":3,"11":1,"12":2},"f":{"0":8},"b":{"0":[2],"1":[2,6],"2":[1,5],"3":[1,4],"4":[1,3],"5":[1,2]},"_coverageSchema":"1a1c01bbd47fc00a2c39e90264f33305004495a9","hash":"9067bb61c53d809ee0f9549a2c1f2037c3592dae"}
}
