{"D:\\UNIVERSIDAD\\SEMESTRE 6\\ING DE SW\\PROYECTOS\\TDD TOTALIZADOR\\parcel-jest-base\\src\\Totalizador.js": {"path":"D:\\UNIVERSIDAD\\SEMESTRE 6\\ING DE SW\\PROYECTOS\\TDD TOTALIZADOR\\parcel-jest-base\\src\\Totalizador.js","statementMap":{"0":{"start":{"line":2,"column":4},"end":{"line":2,"column":13}}},"fnMap":{"0":{"name":"calcularTotal","decl":{"start":{"line":1,"column":9},"end":{"line":1,"column":22}},"loc":{"start":{"line":1,"column":51},"end":{"line":3,"column":1}},"line":1}},"branchMap":{"0":{"loc":{"start":{"line":1,"column":41},"end":{"line":1,"column":50}},"type":"default-arg","locations":[{"start":{"line":1,"column":48},"end":{"line":1,"column":50}}],"line":1}},"s":{"0":1},"f":{"0":1},"b":{"0":[1]},"_coverageSchema":"1a1c01bbd47fc00a2c39e90264f33305004495a9","hash":"f9b63b2242a1bfc023f355e98ff004195ce52478"}
}
